<?xml version="1.0" encoding="UTF-8"?>
<testng-results ignored="0" total="1" passed="1" failed="0" skipped="0">
  <reporter-output>
  </reporter-output>
  <suite started-at="2024-09-10T12:32:17 IST" name="Default suite" finished-at="2024-09-10T12:33:41 IST" duration-ms="84460">
    <groups>
    </groups>
    <test started-at="2024-09-10T12:32:17 IST" name="Default test" finished-at="2024-09-10T12:33:41 IST" duration-ms="84460">
      <class name="test.searchtest">
        <test-method is-config="true" signature="setup()[pri:0, instance:test.searchtest@765d7657]" started-at="2024-09-10T12:32:17 IST" name="setup" finished-at="2024-09-10T12:32:46 IST" duration-ms="28853" status="PASS">
          <reporter-output>
          </reporter-output>
        </test-method> <!-- setup -->
        <test-method is-config="true" signature="url()[pri:0, instance:test.searchtest@765d7657]" started-at="2024-09-10T12:32:46 IST" name="url" finished-at="2024-09-10T12:33:03 IST" duration-ms="16866" status="PASS">
          <reporter-output>
          </reporter-output>
        </test-method> <!-- url -->
        <test-method signature="test()[pri:0, instance:test.searchtest@765d7657]" started-at="2024-09-10T12:33:03 IST" name="test" finished-at="2024-09-10T12:33:41 IST" duration-ms="38280" status="PASS">
          <reporter-output>
          </reporter-output>
        </test-method> <!-- test -->
      </class> <!-- test.searchtest -->
    </test> <!-- Default test -->
  </suite> <!-- Default suite -->
</testng-results>
